<?xml version="1.0" encoding="UTF-8"?>
<testng-results ignored="0" total="2" passed="2" failed="0" skipped="0">
  <reporter-output>
  </reporter-output>
  <suite started-at="2022-05-29T16:07:13 NZST" name="Default suite" finished-at="2022-05-29T16:07:20 NZST" duration-ms="6794">
    <groups>
    </groups>
    <test started-at="2022-05-29T16:07:13 NZST" name="Default test" finished-at="2022-05-29T16:07:20 NZST" duration-ms="6794">
      <class name="Test01_Get">
        <test-method signature="test01()[pri:0, instance:Test01_Get@2053d869]" started-at="2022-05-29T16:07:13 NZST" name="test01" finished-at="2022-05-29T16:07:17 NZST" duration-ms="4160" status="PASS">
          <reporter-output>
          </reporter-output>
        </test-method> <!-- test01 -->
        <test-method signature="test2()[pri:0, instance:Test01_Get@2053d869]" started-at="2022-05-29T16:07:17 NZST" name="test2" finished-at="2022-05-29T16:07:20 NZST" duration-ms="2551" status="PASS">
          <reporter-output>
          </reporter-output>
        </test-method> <!-- test2 -->
      </class> <!-- Test01_Get -->
    </test> <!-- Default test -->
  </suite> <!-- Default suite -->
</testng-results>
